
. webuse sp500,clear
(S&P 500)

. 
. reg close volume

      Source |       SS           df       MS      Number of obs   =       248
-------------+----------------------------------   F(1, 246)       =     26.27
       Model |  179542.223         1  179542.223   Prob > F        =    0.0000
    Residual |  1681186.97       246  6834.09338   R-squared       =    0.0965
-------------+----------------------------------   Adj R-squared   =    0.0928
       Total |  1860729.19       247  7533.31657   Root MSE        =    82.669

------------------------------------------------------------------------------
       close |      Coef.   Std. Err.      t    P>|t|     [95% Conf. Interval]
-------------+----------------------------------------------------------------
      volume |   -.010426   .0020341    -5.13   0.000    -.0144325   -.0064195
       _cons |   1322.635   25.60555    51.65   0.000       1272.2    1373.069
------------------------------------------------------------------------------

. outreg2 using XX,nocons adjr2 replace tex stats(coef tstat) bdec(3) tdec(2) r
> dec(2) ///
> alpha(0.01, 0.05, 0.10) symbol(***, **, *) addtext(Firm FE, \checkmark, Year 
> FE, \checkmark)
XX.tex
dir : seeout

. 
. reg close volume

      Source |       SS           df       MS      Number of obs   =       248
-------------+----------------------------------   F(1, 246)       =     26.27
       Model |  179542.223         1  179542.223   Prob > F        =    0.0000
    Residual |  1681186.97       246  6834.09338   R-squared       =    0.0965
-------------+----------------------------------   Adj R-squared   =    0.0928
       Total |  1860729.19       247  7533.31657   Root MSE        =    82.669

------------------------------------------------------------------------------
       close |      Coef.   Std. Err.      t    P>|t|     [95% Conf. Interval]
-------------+----------------------------------------------------------------
      volume |   -.010426   .0020341    -5.13   0.000    -.0144325   -.0064195
       _cons |   1322.635   25.60555    51.65   0.000       1272.2    1373.069
------------------------------------------------------------------------------

. outreg2 using XX,nocons adjr2 append tex stats(coef tstat) bdec(3) tdec(2) rd
> ec(2) ///
> alpha(0.01, 0.05, 0.10) symbol(***, **, *) addtext(Firm FE, \checkmark, Year 
> FE, \checkmark)
XX.tex
dir : seeout

. 
. reg open volume

      Source |       SS           df       MS      Number of obs   =       248
-------------+----------------------------------   F(1, 246)       =     27.92
       Model |  191139.182         1  191139.182   Prob > F        =    0.0000
    Residual |  1683912.54       246  6845.17291   R-squared       =    0.1019
-------------+----------------------------------   Adj R-squared   =    0.0983
       Total |  1875051.72       247   7591.3025   Root MSE        =    82.736

------------------------------------------------------------------------------
        open |      Coef.   Std. Err.      t    P>|t|     [95% Conf. Interval]
-------------+----------------------------------------------------------------
      volume |  -.0107575   .0020358    -5.28   0.000    -.0147672   -.0067477
       _cons |   1327.423   25.62629    51.80   0.000     1276.948    1377.898
------------------------------------------------------------------------------

. outreg2 using XX,nocons adjr2 append tex stats(coef tstat) bdec(3) tdec(2) rd
> ec(2) ///
> alpha(0.01, 0.05, 0.10) symbol(***, **, *) addtext(Firm FE, \checkmark, Year 
> FE, \checkmark)
XX.tex
dir : seeout

. 
. // !fixtable XX.tex --noheader > table.tex
. !fixtable XX.tex --noheader > table.tex

cannot open varfile ...

. 
end of do-file
